<?xml version="1.0" encoding="UTF-8"?>
<testExecutions version="1">
  <file path="/Users/ekokareva/Hexlet/qa-auto-engineer-javascript-project-87/__tests__/index.test.js">
    <testCase name="json files Formats Format: stylish" duration="2"/>
    <testCase name="json files Formats Format: plain" duration="1"/>
    <testCase name="json files Formats Format: json" duration="3">
      <failure message="Error: expect(received).toEqual(expected) // deep equality"><![CDATA[Error: expect(received).toEqual(expected) // deep equality

Expected: "[{\"key\": \"follow\", \"type\": \"removed\", \"value\": false}, {\"key\": \"host\", \"type\": \"unchanged\", \"value\": \"hexlet.io\"}, {\"key\": \"proxy\", \"type\": \"removed\", \"value\": \"123.234.53.22\"}, {\"key\": \"timeout\", \"newValue\": 20, \"oldValue\": 50, \"type\": \"changed\"}, {\"key\": \"verbose\", \"type\": \"added\", \"value\": true}]"
Received: "[{\"type\":\"removed\",\"key\":\"follow\",\"value\":false},{\"type\":\"unchanged\",\"key\":\"host\",\"value\":\"hexlet.io\"},{\"type\":\"removed\",\"key\":\"proxy\",\"value\":\"123.234.53.22\"},{\"type\":\"changed\",\"key\":\"timeout\",\"oldValue\":50,\"newValue\":20},{\"type\":\"added\",\"key\":\"verbose\",\"value\":true}]"
    at Object.<anonymous> (/Users/ekokareva/Hexlet/qa-auto-engineer-javascript-project-87/__tests__/index.test.js:43:53)
    at Promise.finally.completed (/Users/ekokareva/Hexlet/qa-auto-engineer-javascript-project-87/node_modules/jest-circus/build/jestAdapterInit.js:1559:28)
    at new Promise (<anonymous>)
    at callAsyncCircusFn (/Users/ekokareva/Hexlet/qa-auto-engineer-javascript-project-87/node_modules/jest-circus/build/jestAdapterInit.js:1499:10)
    at _callCircusTest (/Users/ekokareva/Hexlet/qa-auto-engineer-javascript-project-87/node_modules/jest-circus/build/jestAdapterInit.js:1009:40)
    at processTicksAndRejections (node:internal/process/task_queues:105:5)
    at _runTest (/Users/ekokareva/Hexlet/qa-auto-engineer-javascript-project-87/node_modules/jest-circus/build/jestAdapterInit.js:949:3)
    at _runTestsForDescribeBlock (/Users/ekokareva/Hexlet/qa-auto-engineer-javascript-project-87/node_modules/jest-circus/build/jestAdapterInit.js:839:13)
    at _runTestsForDescribeBlock (/Users/ekokareva/Hexlet/qa-auto-engineer-javascript-project-87/node_modules/jest-circus/build/jestAdapterInit.js:829:11)
    at _runTestsForDescribeBlock (/Users/ekokareva/Hexlet/qa-auto-engineer-javascript-project-87/node_modules/jest-circus/build/jestAdapterInit.js:829:11)
    at run (/Users/ekokareva/Hexlet/qa-auto-engineer-javascript-project-87/node_modules/jest-circus/build/jestAdapterInit.js:757:3)
    at runAndTransformResultsToJestFormat (/Users/ekokareva/Hexlet/qa-auto-engineer-javascript-project-87/node_modules/jest-circus/build/jestAdapterInit.js:1920:21)
    at jestAdapter (/Users/ekokareva/Hexlet/qa-auto-engineer-javascript-project-87/node_modules/jest-circus/build/runner.js:101:19)
    at runTestInternal (/Users/ekokareva/Hexlet/qa-auto-engineer-javascript-project-87/node_modules/jest-runner/build/index.js:275:16)
    at runTest (/Users/ekokareva/Hexlet/qa-auto-engineer-javascript-project-87/node_modules/jest-runner/build/index.js:343:7)]]></failure>
    </testCase>
    <testCase name="json files Default behavior Default format is stylish" duration="1"/>
    <testCase name="json files Default behavior Empty files with default format" duration="1"/>
    <testCase name="json files Unsupported format" duration="3"/>
    <testCase name="yaml files Formats Format: stylish" duration="4"/>
    <testCase name="yaml files Formats Format: plain" duration="1"/>
    <testCase name="yaml files Formats Format: json" duration="2">
      <failure message="Error: expect(received).toEqual(expected) // deep equality"><![CDATA[Error: expect(received).toEqual(expected) // deep equality

Expected: "[{\"key\": \"follow\", \"type\": \"removed\", \"value\": false}, {\"key\": \"host\", \"type\": \"unchanged\", \"value\": \"hexlet.io\"}, {\"key\": \"proxy\", \"type\": \"removed\", \"value\": \"123.234.53.22\"}, {\"key\": \"timeout\", \"newValue\": 20, \"oldValue\": 50, \"type\": \"changed\"}, {\"key\": \"verbose\", \"type\": \"added\", \"value\": true}]"
Received: "[{\"type\":\"removed\",\"key\":\"follow\",\"value\":false},{\"type\":\"unchanged\",\"key\":\"host\",\"value\":\"hexlet.io\"},{\"type\":\"removed\",\"key\":\"proxy\",\"value\":\"123.234.53.22\"},{\"type\":\"changed\",\"key\":\"timeout\",\"oldValue\":50,\"newValue\":20},{\"type\":\"added\",\"key\":\"verbose\",\"value\":true}]"
    at Object.<anonymous> (/Users/ekokareva/Hexlet/qa-auto-engineer-javascript-project-87/__tests__/index.test.js:43:53)
    at Promise.finally.completed (/Users/ekokareva/Hexlet/qa-auto-engineer-javascript-project-87/node_modules/jest-circus/build/jestAdapterInit.js:1559:28)
    at new Promise (<anonymous>)
    at callAsyncCircusFn (/Users/ekokareva/Hexlet/qa-auto-engineer-javascript-project-87/node_modules/jest-circus/build/jestAdapterInit.js:1499:10)
    at _callCircusTest (/Users/ekokareva/Hexlet/qa-auto-engineer-javascript-project-87/node_modules/jest-circus/build/jestAdapterInit.js:1009:40)
    at processTicksAndRejections (node:internal/process/task_queues:105:5)
    at _runTest (/Users/ekokareva/Hexlet/qa-auto-engineer-javascript-project-87/node_modules/jest-circus/build/jestAdapterInit.js:949:3)
    at _runTestsForDescribeBlock (/Users/ekokareva/Hexlet/qa-auto-engineer-javascript-project-87/node_modules/jest-circus/build/jestAdapterInit.js:839:13)
    at _runTestsForDescribeBlock (/Users/ekokareva/Hexlet/qa-auto-engineer-javascript-project-87/node_modules/jest-circus/build/jestAdapterInit.js:829:11)
    at _runTestsForDescribeBlock (/Users/ekokareva/Hexlet/qa-auto-engineer-javascript-project-87/node_modules/jest-circus/build/jestAdapterInit.js:829:11)
    at run (/Users/ekokareva/Hexlet/qa-auto-engineer-javascript-project-87/node_modules/jest-circus/build/jestAdapterInit.js:757:3)
    at runAndTransformResultsToJestFormat (/Users/ekokareva/Hexlet/qa-auto-engineer-javascript-project-87/node_modules/jest-circus/build/jestAdapterInit.js:1920:21)
    at jestAdapter (/Users/ekokareva/Hexlet/qa-auto-engineer-javascript-project-87/node_modules/jest-circus/build/runner.js:101:19)
    at runTestInternal (/Users/ekokareva/Hexlet/qa-auto-engineer-javascript-project-87/node_modules/jest-runner/build/index.js:275:16)
    at runTest (/Users/ekokareva/Hexlet/qa-auto-engineer-javascript-project-87/node_modules/jest-runner/build/index.js:343:7)]]></failure>
    </testCase>
    <testCase name="yaml files Default behavior Default format is stylish" duration="1"/>
    <testCase name="yaml files Default behavior Empty files with default format" duration="0"/>
    <testCase name="yaml files Unsupported format" duration="1"/>
  </file>
</testExecutions>