<?xml version="1.0" encoding="UTF-8"?>
<testExecutions version="1">
  <file path="/Users/ekokareva/Hexlet/qa-auto-engineer-javascript-project-87/__tests__/index.test.js">
  </file>
</testExecutions>